<?xml version="1.0" encoding="UTF-8"?>
<testng-results ignored="0" total="1" passed="1" failed="0" skipped="0">
  <reporter-output>
  </reporter-output>
  <suite started-at="2022-03-21T11:18:44 IST" name="Bank" finished-at="2022-03-21T11:18:56 IST" duration-ms="12688">
    <groups>
    </groups>
    <test started-at="2022-03-21T11:18:44 IST" name="BankingApp Test" finished-at="2022-03-21T11:18:56 IST" duration-ms="12688">
      <class name="com.neo.bank.testcases.LoginTestCase">
        <test-method is-config="true" signature="setup(java.lang.String)[pri:0, instance:com.neo.bank.testcases.LoginTestCase@4659191b]" started-at="2022-03-21T11:18:44 IST" name="setup" finished-at="2022-03-21T11:18:53 IST" duration-ms="9461" status="PASS">
          <params>
            <param index="0">
              <value>
                <![CDATA[firefox]]>
              </value>
            </param>
          </params>
          <reporter-output>
          </reporter-output>
        </test-method> <!-- setup -->
        <test-method signature="test()[pri:0, instance:com.neo.bank.testcases.LoginTestCase@4659191b]" started-at="2022-03-21T11:18:53 IST" name="test" finished-at="2022-03-21T11:18:56 IST" duration-ms="2160" status="PASS">
          <reporter-output>
          </reporter-output>
        </test-method> <!-- test -->
        <test-method is-config="true" signature="tearDown()[pri:0, instance:com.neo.bank.testcases.LoginTestCase@4659191b]" started-at="2022-03-21T11:18:56 IST" name="tearDown" finished-at="2022-03-21T11:18:56 IST" duration-ms="731" status="PASS">
          <reporter-output>
          </reporter-output>
        </test-method> <!-- tearDown -->
      </class> <!-- com.neo.bank.testcases.LoginTestCase -->
    </test> <!-- BankingApp Test -->
  </suite> <!-- Bank -->
</testng-results>
